27/07/2004 11:21:57 : [918] Checking for Internet connection (Status:3) (Error:0)
27/07/2004 11:21:57 : [921] Found open Internet connection (Status:3) (Error:0)
27/07/2004 11:21:57 : [915] Download : http://www.tmssoftware.com/wu/testapp.inf (Status:3) (Error:0)
27/07/2004 11:21:59 : [926] Update control file found (Status:3) (Error:0)
27/07/2004 11:21:59 : [933] Version based update found (Status:3) (Error:0)
27/07/2004 11:21:59 : [929] New version found : 1.1.0.0 (Status:5) (Error:0)
27/07/2004 11:22:01 : [936] Found query instruction (Status:3) (Error:0)
27/07/2004 11:22:02 : [937] Found whatsnew instruction (Status:12) (Error:0)
27/07/2004 11:22:02 : [915] Download : http://www.tmssoftware.com/wu/whatsnew.txt (Status:3) (Error:0)
27/07/2004 11:22:07 : [939] Found license agreement instruction (Status:13) (Error:0)
27/07/2004 11:22:07 : [915] Download : http://www.tmssoftware.com/wu/license.txt (Status:3) (Error:0)
27/07/2004 11:22:09 : [943] Found file update instruction (Status:3) (Error:0)
27/07/2004 11:22:10 : [915] Download : http://www.tmssoftware.com/wu/TESTAPP.EXE_NEW (Status:3) (Error:0)
27/07/2004 11:22:49 : [948] Finished processing update control file (Status:3) (Error:0)
27/07/2004 11:22:49 : [949] Closed Internet connection (Status:3) (Error:0)
27/07/2004 11:22:49 : [949] Closed Internet connection (Status:3) (Error:0)
27/07/2004 11:22:52 : [958] Spawn C:\DOCUME~1\BRUNOF~1\LOCALS~1\Temp\upd.exe 1388 L C:\Delphi7\Projects\Demos\WUpdateWizard\testapp.exe testapp.exe_NEW (Status:0) (Error:0)
27/07/2004 11:22:53 : upd restart C:\Delphi7\Projects\Demos\WUpdateWizard\testapp.exe
27/07/2004 11:22:57 : [918] Checking for Internet connection (Status:3) (Error:0)
27/07/2004 11:22:57 : [921] Found open Internet connection (Status:3) (Error:0)
27/07/2004 11:22:57 : [915] Download : http://www.tmssoftware.com/wu/testapp.inf (Status:3) (Error:0)
27/07/2004 11:22:58 : [926] Update control file found (Status:3) (Error:0)
27/07/2004 11:22:58 : [933] Version based update found (Status:3) (Error:0)
27/07/2004 11:22:58 : [930] No new version found (Status:4) (Error:0)
27/07/2004 11:22:59 : [949] Closed Internet connection (Status:3) (Error:0)
27/07/2004 11:22:59 : [949] Closed Internet connection (Status:3) (Error:0)
27/07/2004 11:22:59 : [949] Closed Internet connection (Status:3) (Error:0)
26/04/2006 13:59:03 : [918] Checking for Internet connection (Status:3) (Error:0)
26/04/2006 13:59:03 : [921] Found open Internet connection (Status:3) (Error:0)
26/04/2006 13:59:03 : [915] Download : http://www.tmssoftware.com/wu/testapp.inf (Status:3) (Error:0)
26/04/2006 13:59:04 : [926] Update control file found (Status:3) (Error:0)
26/04/2006 13:59:04 : [933] Version based update found (Status:3) (Error:0)
26/04/2006 13:59:04 : [929] New version found : 1.1.0.0 (Status:5) (Error:0)
26/04/2006 13:59:06 : [949] Closed Internet connection (Status:3) (Error:0)
26/04/2006 13:59:06 : [949] Closed Internet connection (Status:3) (Error:0)
